<?xml version="1.0" ?>
<testsuites disabled="0" errors="0" failures="4" tests="19" time="0.0">
	<testsuite disabled="0" errors="0" failures="4" name="test-results.xml" skipped="0" tests="19" time="0">
		<testcase name="console_prompt">
			<failure type="failure" message="Did not receive prompt rc=2"/>
		</testcase>
		<testcase name="version">
			<failure type="failure" message="Did not find pattern &quot;Version=&quot;None&quot;&quot; rc=2"/>
		</testcase>
		<testcase name="reset">
			<failure type="failure" message="Did not find pattern &quot;CHI&quot; rc=2"/>
		</testcase>
		<testcase name="help">
			<failure type="failure" message="Did not find pattern &quot;dc &quot; rc=2"/>
		</testcase>
		<testcase name="gpio-d-1"/>
		<testcase name="gpio-d-2"/>
		<testcase name="gpio-d-3"/>
		<testcase name="gpio-d-4"/>
		<testcase name="gpio-d-5"/>
		<testcase name="gpio-d-6"/>
		<testcase name="gpio-d-7"/>
		<testcase name="gpio-d-8"/>
		<testcase name="gpio-d-9"/>
		<testcase name="gpio-d-10"/>
		<testcase name="gpio-s-1"/>
		<testcase name="gpio-s-2"/>
		<testcase name="gpio-s-3"/>
		<testcase name="gpio-s-4"/>
		<testcase name="gpio-s-5"/>
	</testsuite>
</testsuites>
